<?xml version="1.0" encoding="UTF-8"?>
<!-- Generated by org.testng.reporters.JUnitReportReporter -->
<testsuite hostname="DESKTOP-G71SC7S" failures="0" tests="2" name="test.automation.selenium.projects.spicejet.NewTest" time="0.019" errors="0" timestamp="27 Mar 2021 07:08:22 GMT" skipped="0">
  <testcase classname="test.automation.selenium.projects.spicejet.NewTest" name="executeKeyword" time="0.004"/>
  <testcase classname="test.automation.selenium.projects.spicejet.NewTest" name="executeKeyword" time="0.015"/>
</testsuite> <!-- test.automation.selenium.projects.spicejet.NewTest -->
