<?xml version="1.0" encoding="UTF-8"?>
<!-- Generated by org.testng.reporters.JUnitReportReporter -->
<testsuite hostname="DESKTOP-G71SC7S" failures="0" tests="5" name="spicejet.NewTest" time="16.509" errors="0" timestamp="29 Mar 2021 17:56:39 GMT" skipped="0">
  <testcase classname="spicejet.NewTest" name="startTest" time="10.819"/>
  <testcase classname="spicejet.NewTest" name="executeKeyword" time="2.810"/>
  <testcase classname="spicejet.NewTest" name="executeKeyword" time="2.605"/>
  <testcase classname="spicejet.NewTest" name="executeKeyword" time="0.012"/>
  <testcase classname="spicejet.NewTest" name="endTest" time="0.263"/>
</testsuite> <!-- spicejet.NewTest -->
